
> agrosystem-react-pages@1.0.0 dev
> vite


  VITE v5.4.21  ready in 945 ms

  ➜  Local:   http://localhost:5173/Agro-System/
  ➜  Network: use --host to expose

PWA v1.2.0
mode      generateSW
precache  1 entries (0.00 KiB)
files generated
  dev-dist/sw.js
  dev-dist/workbox-952b5db6.js
warnings
  One of the glob patterns doesn't match any files. Please remove or fix the following: {
  "globDirectory": "/app/dev-dist",
  "globPattern": "**/*.{js,css,html,ico,png,svg,woff,woff2}",
  "globIgnores": [
    "**/node_modules/**/*",
    "sw.js",
    "workbox-*.js"
  ]
}
